{"/Users/zeta/Projects/interweb/src/agents/constructive/graphql/server-test/src/get-connections.ts": {"path":"/Users/zeta/Projects/interweb/src/agents/constructive/graphql/server-test/src/get-connections.ts","statementMap":{"0":{"start":{"line":2,"column":0},"end":{"line":2,"column":62}},"1":{"start":{"line":3,"column":0},"end":{"line":3,"column":32}},"2":{"start":{"line":4,"column":21},"end":{"line":4,"column":42}},"3":{"start":{"line":5,"column":22},"end":{"line":5,"column":61}},"4":{"start":{"line":6,"column":17},"end":{"line":6,"column":36}},"5":{"start":{"line":7,"column":20},"end":{"line":7,"column":42}},"6":{"start":{"line":37,"column":23},"end":{"line":71,"column":1}},"7":{"start":{"line":39,"column":17},"end":{"line":39,"column":76}},"8":{"start":{"line":40,"column":45},"end":{"line":40,"column":49}},"9":{"start":{"line":43,"column":23},"end":{"line":53,"column":6}},"10":{"start":{"line":55,"column":19},"end":{"line":55,"column":81}},"11":{"start":{"line":57,"column":20},"end":{"line":57,"column":65}},"12":{"start":{"line":59,"column":21},"end":{"line":62,"column":5}},"13":{"start":{"line":60,"column":8},"end":{"line":60,"column":28}},"14":{"start":{"line":61,"column":8},"end":{"line":61,"column":27}},"15":{"start":{"line":63,"column":4},"end":{"line":70,"column":6}},"16":{"start":{"line":72,"column":0},"end":{"line":72,"column":40}}},"fnMap":{"0":{"name":"(anonymous_0)","decl":{"start":{"line":37,"column":23},"end":{"line":37,"column":24}},"loc":{"start":{"line":37,"column":54},"end":{"line":71,"column":1}},"line":37},"1":{"name":"(anonymous_1)","decl":{"start":{"line":59,"column":21},"end":{"line":59,"column":22}},"loc":{"start":{"line":59,"column":33},"end":{"line":62,"column":5}},"line":59}},"branchMap":{"0":{"loc":{"start":{"line":50,"column":16},"end":{"line":50,"column":88}},"type":"binary-expr","locations":[{"start":{"line":50,"column":16},"end":{"line":50,"column":30}},{"start":{"line":50,"column":34},"end":{"line":50,"column":88}}],"line":50}},"s":{"0":0,"1":0,"2":0,"3":0,"4":0,"5":0,"6":0,"7":0,"8":0,"9":0,"10":0,"11":0,"12":0,"13":0,"14":0,"15":0,"16":0},"f":{"0":0,"1":0},"b":{"0":[0,0]}}
,"/Users/zeta/Projects/interweb/src/agents/constructive/graphql/server-test/src/index.ts": {"path":"/Users/zeta/Projects/interweb/src/agents/constructive/graphql/server-test/src/index.ts","statementMap":{"0":{"start":{"line":2,"column":22},"end":{"line":12,"column":3}},"1":{"start":{"line":3,"column":4},"end":{"line":3,"column":33}},"2":{"start":{"line":3,"column":26},"end":{"line":3,"column":33}},"3":{"start":{"line":4,"column":15},"end":{"line":4,"column":52}},"4":{"start":{"line":5,"column":4},"end":{"line":7,"column":5}},"5":{"start":{"line":6,"column":6},"end":{"line":6,"column":68}},"6":{"start":{"line":6,"column":51},"end":{"line":6,"column":63}},"7":{"start":{"line":8,"column":4},"end":{"line":8,"column":39}},"8":{"start":{"line":10,"column":4},"end":{"line":10,"column":33}},"9":{"start":{"line":10,"column":26},"end":{"line":10,"column":33}},"10":{"start":{"line":11,"column":4},"end":{"line":11,"column":17}},"11":{"start":{"line":13,"column":19},"end":{"line":15,"column":1}},"12":{"start":{"line":14,"column":4},"end":{"line":14,"column":126}},"13":{"start":{"line":14,"column":21},"end":{"line":14,"column":126}},"14":{"start":{"line":14,"column":95},"end":{"line":14,"column":126}},"15":{"start":{"line":16,"column":0},"end":{"line":16,"column":62}},"16":{"start":{"line":17,"column":0},"end":{"line":17,"column":124}},"17":{"start":{"line":19,"column":0},"end":{"line":19,"column":42}},"18":{"start":{"line":21,"column":15},"end":{"line":21,"column":34}},"19":{"start":{"line":22,"column":0},"end":{"line":22,"column":129}},"20":{"start":{"line":22,"column":90},"end":{"line":22,"column":123}},"21":{"start":{"line":24,"column":18},"end":{"line":24,"column":40}},"22":{"start":{"line":25,"column":0},"end":{"line":25,"column":140}},"23":{"start":{"line":25,"column":94},"end":{"line":25,"column":134}},"24":{"start":{"line":27,"column":24},"end":{"line":27,"column":52}},"25":{"start":{"line":28,"column":0},"end":{"line":28,"column":134}},"26":{"start":{"line":28,"column":88},"end":{"line":28,"column":128}},"27":{"start":{"line":30,"column":19},"end":{"line":30,"column":40}},"28":{"start":{"line":31,"column":0},"end":{"line":31,"column":109}},"29":{"start":{"line":31,"column":78},"end":{"line":31,"column":103}},"30":{"start":{"line":32,"column":0},"end":{"line":32,"column":117}},"31":{"start":{"line":32,"column":82},"end":{"line":32,"column":111}}},"fnMap":{"0":{"name":"(anonymous_0)","decl":{"start":{"line":2,"column":74},"end":{"line":2,"column":75}},"loc":{"start":{"line":2,"column":96},"end":{"line":9,"column":1}},"line":2},"1":{"name":"(anonymous_1)","decl":{"start":{"line":6,"column":38},"end":{"line":6,"column":39}},"loc":{"start":{"line":6,"column":49},"end":{"line":6,"column":65}},"line":6},"2":{"name":"(anonymous_2)","decl":{"start":{"line":9,"column":6},"end":{"line":9,"column":7}},"loc":{"start":{"line":9,"column":28},"end":{"line":12,"column":1}},"line":9},"3":{"name":"(anonymous_3)","decl":{"start":{"line":13,"column":50},"end":{"line":13,"column":51}},"loc":{"start":{"line":13,"column":71},"end":{"line":15,"column":1}},"line":13},"4":{"name":"(anonymous_4)","decl":{"start":{"line":22,"column":76},"end":{"line":22,"column":77}},"loc":{"start":{"line":22,"column":88},"end":{"line":22,"column":125}},"line":22},"5":{"name":"(anonymous_5)","decl":{"start":{"line":25,"column":80},"end":{"line":25,"column":81}},"loc":{"start":{"line":25,"column":92},"end":{"line":25,"column":136}},"line":25},"6":{"name":"(anonymous_6)","decl":{"start":{"line":28,"column":74},"end":{"line":28,"column":75}},"loc":{"start":{"line":28,"column":86},"end":{"line":28,"column":130}},"line":28},"7":{"name":"(anonymous_7)","decl":{"start":{"line":31,"column":64},"end":{"line":31,"column":65}},"loc":{"start":{"line":31,"column":76},"end":{"line":31,"column":105}},"line":31},"8":{"name":"(anonymous_8)","decl":{"start":{"line":32,"column":68},"end":{"line":32,"column":69}},"loc":{"start":{"line":32,"column":80},"end":{"line":32,"column":113}},"line":32}},"branchMap":{"0":{"loc":{"start":{"line":2,"column":22},"end":{"line":12,"column":3}},"type":"binary-expr","locations":[{"start":{"line":2,"column":23},"end":{"line":2,"column":27}},{"start":{"line":2,"column":31},"end":{"line":2,"column":51}},{"start":{"line":2,"column":57},"end":{"line":12,"column":2}}],"line":2},"1":{"loc":{"start":{"line":2,"column":57},"end":{"line":12,"column":2}},"type":"cond-expr","locations":[{"start":{"line":2,"column":74},"end":{"line":9,"column":1}},{"start":{"line":9,"column":6},"end":{"line":12,"column":1}}],"line":2},"2":{"loc":{"start":{"line":3,"column":4},"end":{"line":3,"column":33}},"type":"if","locations":[{"start":{"line":3,"column":4},"end":{"line":3,"column":33}},{"start":{},"end":{}}],"line":3},"3":{"loc":{"start":{"line":5,"column":4},"end":{"line":7,"column":5}},"type":"if","locations":[{"start":{"line":5,"column":4},"end":{"line":7,"column":5}},{"start":{},"end":{}}],"line":5},"4":{"loc":{"start":{"line":5,"column":8},"end":{"line":5,"column":85}},"type":"binary-expr","locations":[{"start":{"line":5,"column":8},"end":{"line":5,"column":13}},{"start":{"line":5,"column":18},"end":{"line":5,"column":84}}],"line":5},"5":{"loc":{"start":{"line":5,"column":18},"end":{"line":5,"column":84}},"type":"cond-expr","locations":[{"start":{"line":5,"column":34},"end":{"line":5,"column":47}},{"start":{"line":5,"column":50},"end":{"line":5,"column":84}}],"line":5},"6":{"loc":{"start":{"line":5,"column":50},"end":{"line":5,"column":84}},"type":"binary-expr","locations":[{"start":{"line":5,"column":50},"end":{"line":5,"column":63}},{"start":{"line":5,"column":67},"end":{"line":5,"column":84}}],"line":5},"7":{"loc":{"start":{"line":10,"column":4},"end":{"line":10,"column":33}},"type":"if","locations":[{"start":{"line":10,"column":4},"end":{"line":10,"column":33}},{"start":{},"end":{}}],"line":10},"8":{"loc":{"start":{"line":13,"column":19},"end":{"line":15,"column":1}},"type":"binary-expr","locations":[{"start":{"line":13,"column":20},"end":{"line":13,"column":24}},{"start":{"line":13,"column":28},"end":{"line":13,"column":45}},{"start":{"line":13,"column":50},"end":{"line":15,"column":1}}],"line":13},"9":{"loc":{"start":{"line":14,"column":21},"end":{"line":14,"column":126}},"type":"if","locations":[{"start":{"line":14,"column":21},"end":{"line":14,"column":126}},{"start":{},"end":{}}],"line":14},"10":{"loc":{"start":{"line":14,"column":25},"end":{"line":14,"column":93}},"type":"binary-expr","locations":[{"start":{"line":14,"column":25},"end":{"line":14,"column":40}},{"start":{"line":14,"column":44},"end":{"line":14,"column":93}}],"line":14}},"s":{"0":0,"1":0,"2":0,"3":0,"4":0,"5":0,"6":0,"7":0,"8":0,"9":0,"10":0,"11":0,"12":0,"13":0,"14":0,"15":0,"16":0,"17":0,"18":0,"19":0,"20":0,"21":0,"22":0,"23":0,"24":0,"25":0,"26":0,"27":0,"28":0,"29":0,"30":0,"31":0},"f":{"0":0,"1":0,"2":0,"3":0,"4":0,"5":0,"6":0,"7":0,"8":0},"b":{"0":[0,0,0],"1":[0,0],"2":[0,0],"3":[0,0],"4":[0,0],"5":[0,0],"6":[0,0],"7":[0,0],"8":[0,0,0],"9":[0,0],"10":[0,0]}}
,"/Users/zeta/Projects/interweb/src/agents/constructive/graphql/server-test/src/server.ts": {"path":"/Users/zeta/Projects/interweb/src/agents/constructive/graphql/server-test/src/server.ts","statementMap":{"0":{"start":{"line":2,"column":0},"end":{"line":2,"column":62}},"1":{"start":{"line":3,"column":0},"end":{"line":3,"column":34}},"2":{"start":{"line":4,"column":25},"end":{"line":4,"column":67}},"3":{"start":{"line":5,"column":15},"end":{"line":5,"column":30}},"4":{"start":{"line":10,"column":26},"end":{"line":27,"column":1}},"5":{"start":{"line":11,"column":4},"end":{"line":26,"column":7}},"6":{"start":{"line":12,"column":23},"end":{"line":12,"column":49}},"7":{"start":{"line":13,"column":8},"end":{"line":17,"column":11}},"8":{"start":{"line":14,"column":28},"end":{"line":14,"column":44}},"9":{"start":{"line":15,"column":25},"end":{"line":15,"column":90}},"10":{"start":{"line":16,"column":12},"end":{"line":16,"column":46}},"11":{"start":{"line":16,"column":31},"end":{"line":16,"column":44}},"12":{"start":{"line":18,"column":8},"end":{"line":25,"column":11}},"13":{"start":{"line":19,"column":12},"end":{"line":24,"column":13}},"14":{"start":{"line":20,"column":16},"end":{"line":20,"column":58}},"15":{"start":{"line":23,"column":16},"end":{"line":23,"column":28}},"16":{"start":{"line":34,"column":25},"end":{"line":75,"column":1}},"17":{"start":{"line":37,"column":17},"end":{"line":37,"column":47}},"18":{"start":{"line":38,"column":26},"end":{"line":38,"column":46}},"19":{"start":{"line":39,"column":17},"end":{"line":39,"column":90}},"20":{"start":{"line":41,"column":25},"end":{"line":48,"column":5}},"21":{"start":{"line":50,"column":19},"end":{"line":50,"column":60}},"22":{"start":{"line":52,"column":23},"end":{"line":52,"column":38}},"23":{"start":{"line":55,"column":4},"end":{"line":62,"column":7}},"24":{"start":{"line":56,"column":8},"end":{"line":61,"column":9}},"25":{"start":{"line":57,"column":12},"end":{"line":57,"column":22}},"26":{"start":{"line":60,"column":12},"end":{"line":60,"column":58}},"27":{"start":{"line":60,"column":47},"end":{"line":60,"column":56}},"28":{"start":{"line":63,"column":23},"end":{"line":63,"column":48}},"29":{"start":{"line":64,"column":17},"end":{"line":66,"column":5}},"30":{"start":{"line":65,"column":8},"end":{"line":65,"column":50}},"31":{"start":{"line":67,"column":4},"end":{"line":74,"column":6}},"32":{"start":{"line":76,"column":0},"end":{"line":76,"column":44}}},"fnMap":{"0":{"name":"(anonymous_0)","decl":{"start":{"line":10,"column":26},"end":{"line":10,"column":27}},"loc":{"start":{"line":10,"column":67},"end":{"line":27,"column":1}},"line":10},"1":{"name":"(anonymous_1)","decl":{"start":{"line":11,"column":23},"end":{"line":11,"column":24}},"loc":{"start":{"line":11,"column":44},"end":{"line":26,"column":5}},"line":11},"2":{"name":"(anonymous_2)","decl":{"start":{"line":13,"column":39},"end":{"line":13,"column":40}},"loc":{"start":{"line":13,"column":45},"end":{"line":17,"column":9}},"line":13},"3":{"name":"(anonymous_3)","decl":{"start":{"line":16,"column":25},"end":{"line":16,"column":26}},"loc":{"start":{"line":16,"column":31},"end":{"line":16,"column":44}},"line":16},"4":{"name":"(anonymous_4)","decl":{"start":{"line":18,"column":27},"end":{"line":18,"column":28}},"loc":{"start":{"line":18,"column":36},"end":{"line":25,"column":9}},"line":18},"5":{"name":"(anonymous_5)","decl":{"start":{"line":34,"column":25},"end":{"line":34,"column":26}},"loc":{"start":{"line":34,"column":58},"end":{"line":75,"column":1}},"line":34},"6":{"name":"(anonymous_6)","decl":{"start":{"line":55,"column":22},"end":{"line":55,"column":23}},"loc":{"start":{"line":55,"column":35},"end":{"line":62,"column":5}},"line":55},"7":{"name":"(anonymous_7)","decl":{"start":{"line":60,"column":41},"end":{"line":60,"column":42}},"loc":{"start":{"line":60,"column":47},"end":{"line":60,"column":56}},"line":60},"8":{"name":"(anonymous_8)","decl":{"start":{"line":64,"column":17},"end":{"line":64,"column":18}},"loc":{"start":{"line":64,"column":29},"end":{"line":66,"column":5}},"line":64}},"branchMap":{"0":{"loc":{"start":{"line":10,"column":44},"end":{"line":10,"column":62}},"type":"default-arg","locations":[{"start":{"line":10,"column":51},"end":{"line":10,"column":62}}],"line":10},"1":{"loc":{"start":{"line":15,"column":25},"end":{"line":15,"column":90}},"type":"cond-expr","locations":[{"start":{"line":15,"column":66},"end":{"line":15,"column":78}},{"start":{"line":15,"column":81},"end":{"line":15,"column":90}}],"line":15},"2":{"loc":{"start":{"line":15,"column":25},"end":{"line":15,"column":63}},"type":"binary-expr","locations":[{"start":{"line":15,"column":25},"end":{"line":15,"column":52}},{"start":{"line":15,"column":56},"end":{"line":15,"column":63}}],"line":15},"3":{"loc":{"start":{"line":19,"column":12},"end":{"line":24,"column":13}},"type":"if","locations":[{"start":{"line":19,"column":12},"end":{"line":24,"column":13}},{"start":{"line":22,"column":17},"end":{"line":24,"column":13}}],"line":19},"4":{"loc":{"start":{"line":34,"column":38},"end":{"line":34,"column":53}},"type":"default-arg","locations":[{"start":{"line":34,"column":51},"end":{"line":34,"column":53}}],"line":34},"5":{"loc":{"start":{"line":37,"column":17},"end":{"line":37,"column":47}},"type":"binary-expr","locations":[{"start":{"line":37,"column":17},"end":{"line":37,"column":32}},{"start":{"line":37,"column":36},"end":{"line":37,"column":47}}],"line":37},"6":{"loc":{"start":{"line":38,"column":26},"end":{"line":38,"column":46}},"type":"binary-expr","locations":[{"start":{"line":38,"column":26},"end":{"line":38,"column":41}},{"start":{"line":38,"column":45},"end":{"line":38,"column":46}}],"line":38},"7":{"loc":{"start":{"line":39,"column":17},"end":{"line":39,"column":90}},"type":"cond-expr","locations":[{"start":{"line":39,"column":39},"end":{"line":39,"column":74}},{"start":{"line":39,"column":77},"end":{"line":39,"column":90}}],"line":39},"8":{"loc":{"start":{"line":56,"column":8},"end":{"line":61,"column":9}},"type":"if","locations":[{"start":{"line":56,"column":8},"end":{"line":61,"column":9}},{"start":{"line":59,"column":13},"end":{"line":61,"column":9}}],"line":56}},"s":{"0":0,"1":0,"2":0,"3":0,"4":0,"5":0,"6":0,"7":0,"8":0,"9":0,"10":0,"11":0,"12":0,"13":0,"14":0,"15":0,"16":0,"17":0,"18":0,"19":0,"20":0,"21":0,"22":0,"23":0,"24":0,"25":0,"26":0,"27":0,"28":0,"29":0,"30":0,"31":0,"32":0},"f":{"0":0,"1":0,"2":0,"3":0,"4":0,"5":0,"6":0,"7":0,"8":0},"b":{"0":[0],"1":[0,0],"2":[0,0],"3":[0,0],"4":[0],"5":[0,0],"6":[0,0],"7":[0,0],"8":[0,0]}}
,"/Users/zeta/Projects/interweb/src/agents/constructive/graphql/server-test/src/supertest.ts": {"path":"/Users/zeta/Projects/interweb/src/agents/constructive/graphql/server-test/src/supertest.ts","statementMap":{"0":{"start":{"line":2,"column":22},"end":{"line":4,"column":1}},"1":{"start":{"line":3,"column":4},"end":{"line":3,"column":62}},"2":{"start":{"line":5,"column":0},"end":{"line":5,"column":62}},"3":{"start":{"line":6,"column":0},"end":{"line":6,"column":62}},"4":{"start":{"line":7,"column":18},"end":{"line":7,"column":36}},"5":{"start":{"line":8,"column":20},"end":{"line":8,"column":57}},"6":{"start":{"line":12,"column":29},"end":{"line":14,"column":1}},"7":{"start":{"line":13,"column":4},"end":{"line":13,"column":55}},"8":{"start":{"line":15,"column":0},"end":{"line":15,"column":52}},"9":{"start":{"line":19,"column":22},"end":{"line":21,"column":1}},"10":{"start":{"line":20,"column":4},"end":{"line":20,"column":75}},"11":{"start":{"line":25,"column":22},"end":{"line":37,"column":1}},"12":{"start":{"line":26,"column":4},"end":{"line":36,"column":6}},"13":{"start":{"line":27,"column":25},"end":{"line":34,"column":10}},"14":{"start":{"line":35,"column":8},"end":{"line":35,"column":29}},"15":{"start":{"line":38,"column":0},"end":{"line":38,"column":38}}},"fnMap":{"0":{"name":"(anonymous_0)","decl":{"start":{"line":2,"column":56},"end":{"line":2,"column":57}},"loc":{"start":{"line":2,"column":71},"end":{"line":4,"column":1}},"line":2},"1":{"name":"(anonymous_1)","decl":{"start":{"line":12,"column":29},"end":{"line":12,"column":30}},"loc":{"start":{"line":12,"column":41},"end":{"line":14,"column":1}},"line":12},"2":{"name":"(anonymous_2)","decl":{"start":{"line":19,"column":22},"end":{"line":19,"column":23}},"loc":{"start":{"line":19,"column":33},"end":{"line":21,"column":1}},"line":19},"3":{"name":"(anonymous_3)","decl":{"start":{"line":25,"column":22},"end":{"line":25,"column":23}},"loc":{"start":{"line":25,"column":33},"end":{"line":37,"column":1}},"line":25},"4":{"name":"(anonymous_4)","decl":{"start":{"line":26,"column":11},"end":{"line":26,"column":12}},"loc":{"start":{"line":26,"column":48},"end":{"line":36,"column":5}},"line":26}},"branchMap":{"0":{"loc":{"start":{"line":2,"column":22},"end":{"line":4,"column":1}},"type":"binary-expr","locations":[{"start":{"line":2,"column":23},"end":{"line":2,"column":27}},{"start":{"line":2,"column":31},"end":{"line":2,"column":51}},{"start":{"line":2,"column":56},"end":{"line":4,"column":1}}],"line":2},"1":{"loc":{"start":{"line":3,"column":11},"end":{"line":3,"column":61}},"type":"cond-expr","locations":[{"start":{"line":3,"column":37},"end":{"line":3,"column":40}},{"start":{"line":3,"column":43},"end":{"line":3,"column":61}}],"line":3},"2":{"loc":{"start":{"line":3,"column":12},"end":{"line":3,"column":33}},"type":"binary-expr","locations":[{"start":{"line":3,"column":12},"end":{"line":3,"column":15}},{"start":{"line":3,"column":19},"end":{"line":3,"column":33}}],"line":3},"3":{"loc":{"start":{"line":20,"column":11},"end":{"line":20,"column":74}},"type":"cond-expr","locations":[{"start":{"line":20,"column":39},"end":{"line":20,"column":44}},{"start":{"line":20,"column":47},"end":{"line":20,"column":74}}],"line":20},"4":{"loc":{"start":{"line":30,"column":17},"end":{"line":30,"column":30}},"type":"binary-expr","locations":[{"start":{"line":30,"column":17},"end":{"line":30,"column":24}},{"start":{"line":30,"column":28},"end":{"line":30,"column":30}}],"line":30}},"s":{"0":0,"1":0,"2":0,"3":0,"4":0,"5":0,"6":0,"7":0,"8":0,"9":0,"10":0,"11":0,"12":0,"13":0,"14":0,"15":0},"f":{"0":0,"1":0,"2":0,"3":0,"4":0},"b":{"0":[0,0,0],"1":[0,0],"2":[0,0],"3":[0,0],"4":[0,0]}}
,"/Users/zeta/Projects/interweb/src/agents/constructive/graphql/server-test/src/types.ts": {"path":"/Users/zeta/Projects/interweb/src/agents/constructive/graphql/server-test/src/types.ts","statementMap":{"0":{"start":{"line":2,"column":0},"end":{"line":2,"column":62}}},"fnMap":{},"branchMap":{},"s":{"0":0},"f":{},"b":{}}
}
